<?xml version="1.0" encoding="UTF-8"?>
<testsuite name="unit_test.file.CommonFileTest" tests="1" skipped="0" failures="0" errors="0" timestamp="2021-11-23T03:36:36" hostname="DESKTOP-TVD9SGU" time="0.034">
  <properties/>
  <testcase name="TestFileExist()" classname="unit_test.file.CommonFileTest" time="0.034"/>
  <system-out><![CDATA[false
]]></system-out>
  <system-err><![CDATA[]]></system-err>
</testsuite>
